E:\Uni\sem2\web\git\workManagement\WorkManagementApp\WorkManagementApp\wwwroot\work-management-app\dist\out-tsc\app\api.service.js
E:\Uni\sem2\web\git\workManagement\WorkManagementApp\WorkManagementApp\wwwroot\work-management-app\dist\out-tsc\app\api.service.js.map
E:\Uni\sem2\web\git\workManagement\WorkManagementApp\WorkManagementApp\wwwroot\work-management-app\dist\out-tsc\app\login\login.component.js
E:\Uni\sem2\web\git\workManagement\WorkManagementApp\WorkManagementApp\wwwroot\work-management-app\dist\out-tsc\app\login\login.component.js.map
E:\Uni\sem2\web\git\workManagement\WorkManagementApp\WorkManagementApp\wwwroot\work-management-app\dist\out-tsc\app\projects\projects.component.js
E:\Uni\sem2\web\git\workManagement\WorkManagementApp\WorkManagementApp\wwwroot\work-management-app\dist\out-tsc\app\projects\projects.component.js.map
E:\Uni\sem2\web\git\workManagement\WorkManagementApp\WorkManagementApp\wwwroot\work-management-app\dist\out-tsc\app\tasks\tasks.component.js
E:\Uni\sem2\web\git\workManagement\WorkManagementApp\WorkManagementApp\wwwroot\work-management-app\dist\out-tsc\app\tasks\tasks.component.js.map
E:\Uni\sem2\web\git\workManagement\WorkManagementApp\WorkManagementApp\wwwroot\work-management-app\dist\out-tsc\app\app.routes.js
E:\Uni\sem2\web\git\workManagement\WorkManagementApp\WorkManagementApp\wwwroot\work-management-app\dist\out-tsc\app\app.routes.js.map
E:\Uni\sem2\web\git\workManagement\WorkManagementApp\WorkManagementApp\wwwroot\work-management-app\dist\out-tsc\app\app.config.js
E:\Uni\sem2\web\git\workManagement\WorkManagementApp\WorkManagementApp\wwwroot\work-management-app\dist\out-tsc\app\app.config.js.map
E:\Uni\sem2\web\git\workManagement\WorkManagementApp\WorkManagementApp\wwwroot\work-management-app\dist\out-tsc\app\app.component.js
E:\Uni\sem2\web\git\workManagement\WorkManagementApp\WorkManagementApp\wwwroot\work-management-app\dist\out-tsc\app\app.component.js.map
E:\Uni\sem2\web\git\workManagement\WorkManagementApp\WorkManagementApp\wwwroot\work-management-app\dist\out-tsc\main.js
E:\Uni\sem2\web\git\workManagement\WorkManagementApp\WorkManagementApp\wwwroot\work-management-app\dist\out-tsc\main.js.map
E:\Uni\sem2\web\git\workManagement\WorkManagementApp\WorkManagementApp\wwwroot\work-management-app\dist\out-tsc\app\api.service.spec.js
E:\Uni\sem2\web\git\workManagement\WorkManagementApp\WorkManagementApp\wwwroot\work-management-app\dist\out-tsc\app\api.service.spec.js.map
E:\Uni\sem2\web\git\workManagement\WorkManagementApp\WorkManagementApp\wwwroot\work-management-app\dist\out-tsc\app\app.component.spec.js
E:\Uni\sem2\web\git\workManagement\WorkManagementApp\WorkManagementApp\wwwroot\work-management-app\dist\out-tsc\app\app.component.spec.js.map
E:\Uni\sem2\web\git\workManagement\WorkManagementApp\WorkManagementApp\wwwroot\work-management-app\dist\out-tsc\app\login\login.component.spec.js
E:\Uni\sem2\web\git\workManagement\WorkManagementApp\WorkManagementApp\wwwroot\work-management-app\dist\out-tsc\app\login\login.component.spec.js.map
E:\Uni\sem2\web\git\workManagement\WorkManagementApp\WorkManagementApp\wwwroot\work-management-app\dist\out-tsc\app\projects\projects.component.spec.js
E:\Uni\sem2\web\git\workManagement\WorkManagementApp\WorkManagementApp\wwwroot\work-management-app\dist\out-tsc\app\projects\projects.component.spec.js.map
E:\Uni\sem2\web\git\workManagement\WorkManagementApp\WorkManagementApp\wwwroot\work-management-app\dist\out-tsc\app\tasks\tasks.component.spec.js
E:\Uni\sem2\web\git\workManagement\WorkManagementApp\WorkManagementApp\wwwroot\work-management-app\dist\out-tsc\app\tasks\tasks.component.spec.js.map
